<?xml version="1.0" encoding="UTF-8"?>
<!-- Generated by org.testng.reporters.JUnitReportReporter -->
<testsuite hostname="DESKTOP-GJ2PL7P" failures="0" tests="1" name="com.LoginPage.ChekingMobile" time="17.858" errors="0" timestamp="2024-05-26T12:06:25 IST" skipped="0">
  <testcase classname="com.LoginPage.ChekingMobile" name="verifyMobileNumberRequriedOrNot" time="17.858"/>
</testsuite> <!-- com.LoginPage.ChekingMobile -->
